<?xml version="1.0" encoding="UTF-8"?>
<!-- Generated by org.testng.reporters.JUnitReportReporter -->
<testsuite hostname="NagaPraveenKumar" name="com.orangeHRM.testCases.Test_LoginTest" tests="1" failures="0" timestamp="26 Nov 2022 07:29:38 GMT" time="15.248" errors="0">
  <testcase name="validateLoginPage" time="15.248" classname="com.orangeHRM.testCases.Test_LoginTest"/>
</testsuite> <!-- com.orangeHRM.testCases.Test_LoginTest -->
